10-10-2025 23:26:57.8260 [restartedMain]  INFO  c.Q.Q.QuizServiceApplication -  Starting QuizServiceApplication using Java 21.0.8 with PID 15260 (C:\Users\DELL\Desktop\Projects\Tayyari_master\Tayyari\server\QuizService\target\classes started by DELL in C:\Users\DELL\Desktop\Projects\Tayyari_master\Tayyari\server)  
10-10-2025 23:26:57.8300 [restartedMain]  INFO  c.Q.Q.QuizServiceApplication -  No active profile set, falling back to 1 default profile: "default"  
10-10-2025 23:26:58.0200 [restartedMain]  INFO  o.s.b.d.e.DevToolsPropertyDefaultsPostProcessor -  Devtools property defaults active! Set 'spring.devtools.add-properties' to 'false' to disable  
10-10-2025 23:26:58.0380 [restartedMain]  INFO  o.s.b.d.e.DevToolsPropertyDefaultsPostProcessor -  For additional web related logging consider setting the 'logging.level.web' property to 'DEBUG'  
10-10-2025 23:26:59.6450 [restartedMain]  INFO  o.s.d.r.c.RepositoryConfigurationDelegate -  Bootstrapping Spring Data JPA repositories in DEFAULT mode.  
10-10-2025 23:26:59.8790 [restartedMain]  INFO  o.s.d.r.c.RepositoryConfigurationDelegate -  Finished Spring Data repository scanning in 222 ms. Found 1 JPA repository interface.  
10-10-2025 23:27:00.3140 [restartedMain]  INFO  o.s.cloud.context.scope.GenericScope -  BeanFactory id=f259cf8e-df3d-3a05-873c-48afc20e3eb4  
10-10-2025 23:27:00.5230 [restartedMain]  WARN  o.s.c.s.PostProcessorRegistrationDelegate$BeanPostProcessorChecker -  Bean 'org.springframework.cloud.client.loadbalancer.LoadBalancerAutoConfiguration$DeferringLoadBalancerInterceptorConfig' of type [org.springframework.cloud.client.loadbalancer.LoadBalancerAutoConfiguration$DeferringLoadBalancerInterceptorConfig] is not eligible for getting processed by all BeanPostProcessors (for example: not eligible for auto-proxying). The currently created BeanPostProcessor [lbRestClientPostProcessor] is declared through a non-static factory method on that class; consider declaring it as static instead.  
10-10-2025 23:27:00.5270 [restartedMain]  WARN  o.s.c.s.PostProcessorRegistrationDelegate$BeanPostProcessorChecker -  Bean 'deferringLoadBalancerInterceptor' of type [org.springframework.cloud.client.loadbalancer.DeferringLoadBalancerInterceptor] is not eligible for getting processed by all BeanPostProcessors (for example: not eligible for auto-proxying). Is this bean getting eagerly injected into a currently created BeanPostProcessor [lbRestClientPostProcessor]? Check the corresponding BeanPostProcessor declaration and its dependencies.  
10-10-2025 23:27:01.3640 [restartedMain]  INFO  o.s.b.w.e.tomcat.TomcatWebServer -  Tomcat initialized with port 8072 (http)  
10-10-2025 23:27:01.3940 [restartedMain]  INFO  o.a.coyote.http11.Http11NioProtocol -  Initializing ProtocolHandler ["http-nio-8072"]  
10-10-2025 23:27:01.4090 [restartedMain]  INFO  o.a.catalina.core.StandardService -  Starting service [Tomcat]  
10-10-2025 23:27:01.4140 [restartedMain]  INFO  o.a.catalina.core.StandardEngine -  Starting Servlet engine: [Apache Tomcat/10.1.30]  
10-10-2025 23:27:01.5500 [restartedMain]  INFO  o.a.c.c.C.[Tomcat].[localhost].[/] -  Initializing Spring embedded WebApplicationContext  
10-10-2025 23:27:01.5530 [restartedMain]  INFO  o.s.b.w.s.c.ServletWebServerApplicationContext -  Root WebApplicationContext: initialization completed in 3510 ms  
10-10-2025 23:27:01.9210 [restartedMain]  INFO  o.h.jpa.internal.util.LogHelper -  HHH000204: Processing PersistenceUnitInfo [name: default]  
10-10-2025 23:27:02.0710 [restartedMain]  INFO  org.hibernate.Version -  HHH000412: Hibernate ORM core version 6.5.3.Final  
10-10-2025 23:27:02.1460 [restartedMain]  INFO  o.h.c.i.RegionFactoryInitiator -  HHH000026: Second-level cache disabled  
10-10-2025 23:27:02.6940 [restartedMain]  INFO  o.s.o.j.p.SpringPersistenceUnitInfo -  No LoadTimeWeaver setup: ignoring JPA class transformer  
10-10-2025 23:27:02.7590 [restartedMain]  INFO  com.zaxxer.hikari.HikariDataSource -  HikariPool-1 - Starting...  
10-10-2025 23:27:04.5040 [restartedMain]  INFO  com.zaxxer.hikari.pool.HikariPool -  HikariPool-1 - Added connection org.postgresql.jdbc.PgConnection@78ed00dc  
10-10-2025 23:27:04.5070 [restartedMain]  INFO  com.zaxxer.hikari.HikariDataSource -  HikariPool-1 - Start completed.  
10-10-2025 23:27:04.6680 [restartedMain]  WARN  org.hibernate.orm.deprecation -  HHH90000025: PostgreSQLDialect does not need to be specified explicitly using 'hibernate.dialect' (remove the property setting and it will be selected by default)  
10-10-2025 23:27:06.4080 [restartedMain]  INFO  o.h.e.t.j.p.i.JtaPlatformInitiator -  HHH000489: No JTA platform available (set 'hibernate.transaction.jta.platform' to enable JTA platform integration)  
10-10-2025 23:27:07.4200 [restartedMain]  INFO  o.s.o.j.LocalContainerEntityManagerFactoryBean -  Initialized JPA EntityManagerFactory for persistence unit 'default'  
10-10-2025 23:27:07.6100 [restartedMain]  WARN  o.s.b.a.o.j.JpaBaseConfiguration$JpaWebConfiguration -  spring.jpa.open-in-view is enabled by default. Therefore, database queries may be performed during view rendering. Explicitly configure spring.jpa.open-in-view to disable this warning  
10-10-2025 23:27:07.6670 [restartedMain]  INFO  o.s.b.d.a.OptionalLiveReloadServer -  LiveReload server is running on port 35729  
10-10-2025 23:27:09.5740 [restartedMain]  INFO  o.s.c.n.e.c.DiscoveryClientOptionalArgsConfiguration -  Eureka HTTP Client uses RestTemplate.  
10-10-2025 23:27:09.6690 [restartedMain]  WARN  o.s.c.l.c.LoadBalancerCacheAutoConfiguration$LoadBalancerCaffeineWarnLogger -  Spring Cloud LoadBalancer is currently working with the default cache. While this cache implementation is useful for development and tests, it's recommended to use Caffeine cache in production.You can switch to using Caffeine cache, by adding it and org.springframework.cache.caffeine.CaffeineCacheManager to the classpath.  
10-10-2025 23:27:09.7340 [restartedMain]  INFO  o.s.c.n.eureka.InstanceInfoFactory -  Setting initial instance status as: STARTING  
10-10-2025 23:27:09.9900 [restartedMain]  INFO  c.netflix.discovery.DiscoveryClient -  Initializing Eureka in region us-east-1  
10-10-2025 23:27:10.0000 [restartedMain]  INFO  c.n.d.s.r.aws.ConfigClusterResolver -  Resolving eureka endpoints via configuration  
10-10-2025 23:27:10.0770 [restartedMain]  INFO  c.netflix.discovery.DiscoveryClient -  Disable delta property : false  
10-10-2025 23:27:10.0790 [restartedMain]  INFO  c.netflix.discovery.DiscoveryClient -  Single vip registry refresh property : null  
10-10-2025 23:27:10.0790 [restartedMain]  INFO  c.netflix.discovery.DiscoveryClient -  Force full registry fetch : false  
10-10-2025 23:27:10.0790 [restartedMain]  INFO  c.netflix.discovery.DiscoveryClient -  Application is null : false  
10-10-2025 23:27:10.0790 [restartedMain]  INFO  c.netflix.discovery.DiscoveryClient -  Registered Applications size is zero : true  
10-10-2025 23:27:10.0800 [restartedMain]  INFO  c.netflix.discovery.DiscoveryClient -  Application version is -1: true  
10-10-2025 23:27:10.0800 [restartedMain]  INFO  c.netflix.discovery.DiscoveryClient -  Getting all instance registry info from the eureka server  
10-10-2025 23:27:12.0510 [restartedMain]  INFO  c.netflix.discovery.DiscoveryClient -  The response status is 200  
10-10-2025 23:27:12.0550 [restartedMain]  INFO  c.netflix.discovery.DiscoveryClient -  Starting heartbeat executor: renew interval is: 30  
10-10-2025 23:27:12.0590 [restartedMain]  INFO  c.n.discovery.InstanceInfoReplicator -  InstanceInfoReplicator onDemand update allowed rate per min is 4  
10-10-2025 23:27:12.0690 [restartedMain]  INFO  c.netflix.discovery.DiscoveryClient -  Discovery Client initialized at timestamp 1760119032068 with initial instances count: 1  
10-10-2025 23:27:12.0840 [restartedMain]  INFO  o.s.c.n.e.s.EurekaServiceRegistry -  Registering application QUIZSERVICE with eureka with status UP  
10-10-2025 23:27:12.0930 [restartedMain]  INFO  c.netflix.discovery.DiscoveryClient -  Saw local status change event StatusChangeEvent [timestamp=1760119032093, current=UP, previous=STARTING]  
10-10-2025 23:27:12.1010 [DiscoveryClient-InstanceInfoReplicator-0]  INFO  c.netflix.discovery.DiscoveryClient -  DiscoveryClient_QUIZSERVICE/DESKTOP-79MVB1C:QuizService:8072: registering service...  
10-10-2025 23:27:12.1030 [restartedMain]  INFO  o.a.coyote.http11.Http11NioProtocol -  Starting ProtocolHandler ["http-nio-8072"]  
10-10-2025 23:27:12.1990 [restartedMain]  INFO  o.s.b.w.e.tomcat.TomcatWebServer -  Tomcat started on port 8072 (http) with context path '/'  
10-10-2025 23:27:12.2030 [restartedMain]  INFO  o.s.c.n.e.s.EurekaAutoServiceRegistration -  Updating port to 8072  
10-10-2025 23:27:12.2340 [restartedMain]  INFO  c.Q.Q.QuizServiceApplication -  Started QuizServiceApplication in 15.091 seconds (process running for 16.54)  
10-10-2025 23:27:12.6170 [DiscoveryClient-InstanceInfoReplicator-0]  INFO  c.netflix.discovery.DiscoveryClient -  DiscoveryClient_QUIZSERVICE/DESKTOP-79MVB1C:QuizService:8072 - registration status: 204  
10-10-2025 23:32:10.0940 [AsyncResolver-bootstrap-executor-0]  INFO  c.n.d.s.r.aws.ConfigClusterResolver -  Resolving eureka endpoints via configuration  
10-10-2025 23:37:10.1020 [AsyncResolver-bootstrap-executor-0]  INFO  c.n.d.s.r.aws.ConfigClusterResolver -  Resolving eureka endpoints via configuration  
10-10-2025 23:42:10.1160 [AsyncResolver-bootstrap-executor-0]  INFO  c.n.d.s.r.aws.ConfigClusterResolver -  Resolving eureka endpoints via configuration  
10-10-2025 23:47:10.1260 [AsyncResolver-bootstrap-executor-0]  INFO  c.n.d.s.r.aws.ConfigClusterResolver -  Resolving eureka endpoints via configuration  
10-10-2025 23:52:10.1420 [AsyncResolver-bootstrap-executor-0]  INFO  c.n.d.s.r.aws.ConfigClusterResolver -  Resolving eureka endpoints via configuration  
